Performing C SOURCE FILE Test CMAKE_HAVE_LIBC_PTHREAD failed with the following output:
Change Dir: /home/blackstone/Desktop/NeuralNetwork/cmake-build-debug/CMakeFiles/CMakeTmp

Run Build Command(s):/usr/bin/make cmTC_57b68/fast && /usr/bin/make  -f CMakeFiles/cmTC_57b68.dir/build.make CMakeFiles/cmTC_57b68.dir/build
make[1]: Entering directory '/home/blackstone/Desktop/NeuralNetwork/cmake-build-debug/CMakeFiles/CMakeTmp'
Building C object CMakeFiles/cmTC_57b68.dir/src.c.o
/usr/bin/cc -DCMAKE_HAVE_LIBC_PTHREAD  -fPIC  -o CMakeFiles/cmTC_57b68.dir/src.c.o -c /home/blackstone/Desktop/NeuralNetwork/cmake-build-debug/CMakeFiles/CMakeTmp/src.c
Linking C executable cmTC_57b68
/snap/clion/151/bin/cmake/linux/bin/cmake -E cmake_link_script CMakeFiles/cmTC_57b68.dir/link.txt --verbose=1
/usr/bin/cc -fPIC  CMakeFiles/cmTC_57b68.dir/src.c.o -o cmTC_57b68 
/usr/bin/ld: CMakeFiles/cmTC_57b68.dir/src.c.o: in function `main':
src.c:(.text+0x46): undefined reference to `pthread_create'
/usr/bin/ld: src.c:(.text+0x52): undefined reference to `pthread_detach'
/usr/bin/ld: src.c:(.text+0x5e): undefined reference to `pthread_cancel'
/usr/bin/ld: src.c:(.text+0x6f): undefined reference to `pthread_join'
collect2: error: ld returned 1 exit status
make[1]: *** [CMakeFiles/cmTC_57b68.dir/build.make:106: cmTC_57b68] Error 1
make[1]: Leaving directory '/home/blackstone/Desktop/NeuralNetwork/cmake-build-debug/CMakeFiles/CMakeTmp'
make: *** [Makefile:140: cmTC_57b68/fast] Error 2


Source file was:
#include <pthread.h>

static void* test_func(void* data)
{
  return data;
}

int main(void)
{
  pthread_t thread;
  pthread_create(&thread, NULL, test_func, NULL);
  pthread_detach(thread);
  pthread_cancel(thread);
  pthread_join(thread, NULL);
  pthread_atfork(NULL, NULL, NULL);
  pthread_exit(NULL);

  return 0;
}

Determining if the function pthread_create exists in the pthreads failed with the following output:
Change Dir: /home/blackstone/Desktop/NeuralNetwork/cmake-build-debug/CMakeFiles/CMakeTmp

Run Build Command(s):/usr/bin/make cmTC_f4d5d/fast && /usr/bin/make  -f CMakeFiles/cmTC_f4d5d.dir/build.make CMakeFiles/cmTC_f4d5d.dir/build
make[1]: Entering directory '/home/blackstone/Desktop/NeuralNetwork/cmake-build-debug/CMakeFiles/CMakeTmp'
Building C object CMakeFiles/cmTC_f4d5d.dir/CheckFunctionExists.c.o
/usr/bin/cc   -fPIC -DCHECK_FUNCTION_EXISTS=pthread_create -o CMakeFiles/cmTC_f4d5d.dir/CheckFunctionExists.c.o -c /snap/clion/151/bin/cmake/linux/share/cmake-3.19/Modules/CheckFunctionExists.c
Linking C executable cmTC_f4d5d
/snap/clion/151/bin/cmake/linux/bin/cmake -E cmake_link_script CMakeFiles/cmTC_f4d5d.dir/link.txt --verbose=1
/usr/bin/cc -fPIC -DCHECK_FUNCTION_EXISTS=pthread_create CMakeFiles/cmTC_f4d5d.dir/CheckFunctionExists.c.o -o cmTC_f4d5d  -lpthreads 
/usr/bin/ld: cannot find -lpthreads
collect2: error: ld returned 1 exit status
make[1]: *** [CMakeFiles/cmTC_f4d5d.dir/build.make:106: cmTC_f4d5d] Error 1
make[1]: Leaving directory '/home/blackstone/Desktop/NeuralNetwork/cmake-build-debug/CMakeFiles/CMakeTmp'
make: *** [Makefile:140: cmTC_f4d5d/fast] Error 2



Performing C SOURCE FILE Test CMAKE_HAVE_LIBC_PTHREAD failed with the following output:
Change Dir: /home/blackstone/Desktop/NeuralNetwork/cmake-build-debug/CMakeFiles/CMakeTmp

Run Build Command(s):/usr/bin/make cmTC_ffacd/fast && make[1]: Entering directory '/home/blackstone/Desktop/NeuralNetwork/cmake-build-debug/CMakeFiles/CMakeTmp'
/usr/bin/make  -f CMakeFiles/cmTC_ffacd.dir/build.make CMakeFiles/cmTC_ffacd.dir/build
make[2]: Entering directory '/home/blackstone/Desktop/NeuralNetwork/cmake-build-debug/CMakeFiles/CMakeTmp'
Building C object CMakeFiles/cmTC_ffacd.dir/src.c.o
/usr/bin/cc -DCMAKE_HAVE_LIBC_PTHREAD  -fPIC  -o CMakeFiles/cmTC_ffacd.dir/src.c.o -c /home/blackstone/Desktop/NeuralNetwork/cmake-build-debug/CMakeFiles/CMakeTmp/src.c
Linking C executable cmTC_ffacd
/snap/clion/151/bin/cmake/linux/bin/cmake -E cmake_link_script CMakeFiles/cmTC_ffacd.dir/link.txt --verbose=1
/usr/bin/cc -fPIC  CMakeFiles/cmTC_ffacd.dir/src.c.o -o cmTC_ffacd 
/usr/bin/ld: CMakeFiles/cmTC_ffacd.dir/src.c.o: in function `main':
src.c:(.text+0x46): undefined reference to `pthread_create'
/usr/bin/ld: src.c:(.text+0x52): undefined reference to `pthread_detach'
/usr/bin/ld: src.c:(.text+0x5e): undefined reference to `pthread_cancel'
/usr/bin/ld: src.c:(.text+0x6f): undefined reference to `pthread_join'
collect2: error: ld returned 1 exit status
make[2]: *** [CMakeFiles/cmTC_ffacd.dir/build.make:106: cmTC_ffacd] Error 1
make[2]: Leaving directory '/home/blackstone/Desktop/NeuralNetwork/cmake-build-debug/CMakeFiles/CMakeTmp'
make[1]: *** [Makefile:140: cmTC_ffacd/fast] Error 2
make[1]: Leaving directory '/home/blackstone/Desktop/NeuralNetwork/cmake-build-debug/CMakeFiles/CMakeTmp'


Source file was:
#include <pthread.h>

static void* test_func(void* data)
{
  return data;
}

int main(void)
{
  pthread_t thread;
  pthread_create(&thread, NULL, test_func, NULL);
  pthread_detach(thread);
  pthread_cancel(thread);
  pthread_join(thread, NULL);
  pthread_atfork(NULL, NULL, NULL);
  pthread_exit(NULL);

  return 0;
}

Determining if the function pthread_create exists in the pthreads failed with the following output:
Change Dir: /home/blackstone/Desktop/NeuralNetwork/cmake-build-debug/CMakeFiles/CMakeTmp

Run Build Command(s):/usr/bin/make cmTC_39018/fast && make[1]: Entering directory '/home/blackstone/Desktop/NeuralNetwork/cmake-build-debug/CMakeFiles/CMakeTmp'
/usr/bin/make  -f CMakeFiles/cmTC_39018.dir/build.make CMakeFiles/cmTC_39018.dir/build
make[2]: Entering directory '/home/blackstone/Desktop/NeuralNetwork/cmake-build-debug/CMakeFiles/CMakeTmp'
Building C object CMakeFiles/cmTC_39018.dir/CheckFunctionExists.c.o
/usr/bin/cc   -fPIC -DCHECK_FUNCTION_EXISTS=pthread_create -o CMakeFiles/cmTC_39018.dir/CheckFunctionExists.c.o -c /snap/clion/151/bin/cmake/linux/share/cmake-3.19/Modules/CheckFunctionExists.c
Linking C executable cmTC_39018
/snap/clion/151/bin/cmake/linux/bin/cmake -E cmake_link_script CMakeFiles/cmTC_39018.dir/link.txt --verbose=1
/usr/bin/cc -fPIC -DCHECK_FUNCTION_EXISTS=pthread_create CMakeFiles/cmTC_39018.dir/CheckFunctionExists.c.o -o cmTC_39018  -lpthreads 
/usr/bin/ld: cannot find -lpthreads
collect2: error: ld returned 1 exit status
make[2]: *** [CMakeFiles/cmTC_39018.dir/build.make:106: cmTC_39018] Error 1
make[2]: Leaving directory '/home/blackstone/Desktop/NeuralNetwork/cmake-build-debug/CMakeFiles/CMakeTmp'
make[1]: *** [Makefile:140: cmTC_39018/fast] Error 2
make[1]: Leaving directory '/home/blackstone/Desktop/NeuralNetwork/cmake-build-debug/CMakeFiles/CMakeTmp'



Performing C SOURCE FILE Test CMAKE_HAVE_LIBC_PTHREAD failed with the following output:
Change Dir: /home/blackstone/Desktop/NeuralNetwork/cmake-build-debug/CMakeFiles/CMakeTmp

Run Build Command(s):/usr/bin/make cmTC_b4564/fast && make[1]: Entering directory '/home/blackstone/Desktop/NeuralNetwork/cmake-build-debug/CMakeFiles/CMakeTmp'
/usr/bin/make  -f CMakeFiles/cmTC_b4564.dir/build.make CMakeFiles/cmTC_b4564.dir/build
make[2]: Entering directory '/home/blackstone/Desktop/NeuralNetwork/cmake-build-debug/CMakeFiles/CMakeTmp'
Building C object CMakeFiles/cmTC_b4564.dir/src.c.o
/usr/bin/cc -DCMAKE_HAVE_LIBC_PTHREAD  -fPIC  -o CMakeFiles/cmTC_b4564.dir/src.c.o -c /home/blackstone/Desktop/NeuralNetwork/cmake-build-debug/CMakeFiles/CMakeTmp/src.c
Linking C executable cmTC_b4564
/snap/clion/151/bin/cmake/linux/bin/cmake -E cmake_link_script CMakeFiles/cmTC_b4564.dir/link.txt --verbose=1
/usr/bin/cc -fPIC  CMakeFiles/cmTC_b4564.dir/src.c.o -o cmTC_b4564 
/usr/bin/ld: CMakeFiles/cmTC_b4564.dir/src.c.o: in function `main':
src.c:(.text+0x46): undefined reference to `pthread_create'
/usr/bin/ld: src.c:(.text+0x52): undefined reference to `pthread_detach'
/usr/bin/ld: src.c:(.text+0x5e): undefined reference to `pthread_cancel'
/usr/bin/ld: src.c:(.text+0x6f): undefined reference to `pthread_join'
collect2: error: ld returned 1 exit status
make[2]: *** [CMakeFiles/cmTC_b4564.dir/build.make:106: cmTC_b4564] Error 1
make[2]: Leaving directory '/home/blackstone/Desktop/NeuralNetwork/cmake-build-debug/CMakeFiles/CMakeTmp'
make[1]: *** [Makefile:140: cmTC_b4564/fast] Error 2
make[1]: Leaving directory '/home/blackstone/Desktop/NeuralNetwork/cmake-build-debug/CMakeFiles/CMakeTmp'


Source file was:
#include <pthread.h>

static void* test_func(void* data)
{
  return data;
}

int main(void)
{
  pthread_t thread;
  pthread_create(&thread, NULL, test_func, NULL);
  pthread_detach(thread);
  pthread_cancel(thread);
  pthread_join(thread, NULL);
  pthread_atfork(NULL, NULL, NULL);
  pthread_exit(NULL);

  return 0;
}

Determining if the function pthread_create exists in the pthreads failed with the following output:
Change Dir: /home/blackstone/Desktop/NeuralNetwork/cmake-build-debug/CMakeFiles/CMakeTmp

Run Build Command(s):/usr/bin/make cmTC_8e3ff/fast && make[1]: Entering directory '/home/blackstone/Desktop/NeuralNetwork/cmake-build-debug/CMakeFiles/CMakeTmp'
/usr/bin/make  -f CMakeFiles/cmTC_8e3ff.dir/build.make CMakeFiles/cmTC_8e3ff.dir/build
make[2]: Entering directory '/home/blackstone/Desktop/NeuralNetwork/cmake-build-debug/CMakeFiles/CMakeTmp'
Building C object CMakeFiles/cmTC_8e3ff.dir/CheckFunctionExists.c.o
/usr/bin/cc   -fPIC -DCHECK_FUNCTION_EXISTS=pthread_create -o CMakeFiles/cmTC_8e3ff.dir/CheckFunctionExists.c.o -c /snap/clion/151/bin/cmake/linux/share/cmake-3.19/Modules/CheckFunctionExists.c
Linking C executable cmTC_8e3ff
/snap/clion/151/bin/cmake/linux/bin/cmake -E cmake_link_script CMakeFiles/cmTC_8e3ff.dir/link.txt --verbose=1
/usr/bin/cc -fPIC -DCHECK_FUNCTION_EXISTS=pthread_create CMakeFiles/cmTC_8e3ff.dir/CheckFunctionExists.c.o -o cmTC_8e3ff  -lpthreads 
/usr/bin/ld: cannot find -lpthreads
collect2: error: ld returned 1 exit status
make[2]: *** [CMakeFiles/cmTC_8e3ff.dir/build.make:106: cmTC_8e3ff] Error 1
make[2]: Leaving directory '/home/blackstone/Desktop/NeuralNetwork/cmake-build-debug/CMakeFiles/CMakeTmp'
make[1]: *** [Makefile:140: cmTC_8e3ff/fast] Error 2
make[1]: Leaving directory '/home/blackstone/Desktop/NeuralNetwork/cmake-build-debug/CMakeFiles/CMakeTmp'



